<?xml version="1.0" encoding="UTF-8"?>
<!-- Generated by org.testng.reporters.JUnitXMLReporter -->
<testsuite ignored="51" hostname="DESKTOP-TK2O5BT" failures="3" tests="14" name="Test" time="85.577" errors="0" timestamp="2020-07-28T12:24:10 CEST">
  <testcase classname="pages.BaseClass" name="@BeforeClass setup" time="10.431">
    <failure type="org.openqa.selenium.WebDriverException" message="Failed to decode response from marionette
Build info: version: &amp;apos;3.141.59&amp;apos;, revision: &amp;apos;e82be7d358&amp;apos;, time: &amp;apos;2018-11-14T08:17:03&amp;apos;
System info: host: &amp;apos;DESKTOP-TK2O5BT&amp;apos;, ip: &amp;apos;192.168.0.12&amp;apos;, os.name: &amp;apos;Windows 10&amp;apos;, os.arch: &amp;apos;amd64&amp;apos;, os.version: &amp;apos;10.0&amp;apos;, java.version: &amp;apos;14&amp;apos;
Driver info: org.openqa.selenium.firefox.FirefoxDriver
Capabilities {acceptInsecureCerts: true, browserName: firefox, browserVersion: 73.0, javascriptEnabled: true, moz:accessibilityChecks: false, moz:buildID: 20200207195153, moz:geckodriverVersion: 0.26.0, moz:headless: false, moz:processID: 13672, moz:profile: C:\Users\Korisnik\AppData\L..., moz:shutdownTimeout: 60000, moz:useNonSpecCompliantPointerOrigin: false, moz:webdriverClick: true, pageLoadStrategy: normal, platform: WINDOWS, platformName: WINDOWS, platformVersion: 10.0, rotatable: false, setWindowRect: true, strictFileInteractability: false, timeouts: {implicit: 0, pageLoad: 300000, script: 30000}, unhandledPromptBehavior: dismiss and notify}
Session ID: 21b311fb-b24c-4de7-a9c5-44160afd2a9a">
      <![CDATA[org.openqa.selenium.WebDriverException: Failed to decode response from marionette
Build info: version: '3.141.59', revision: 'e82be7d358', time: '2018-11-14T08:17:03'
System info: host: 'DESKTOP-TK2O5BT', ip: '192.168.0.12', os.name: 'Windows 10', os.arch: 'amd64', os.version: '10.0', java.version: '14'
Driver info: org.openqa.selenium.firefox.FirefoxDriver
Capabilities {acceptInsecureCerts: true, browserName: firefox, browserVersion: 73.0, javascriptEnabled: true, moz:accessibilityChecks: false, moz:buildID: 20200207195153, moz:geckodriverVersion: 0.26.0, moz:headless: false, moz:processID: 13672, moz:profile: C:\Users\Korisnik\AppData\L..., moz:shutdownTimeout: 60000, moz:useNonSpecCompliantPointerOrigin: false, moz:webdriverClick: true, pageLoadStrategy: normal, platform: WINDOWS, platformName: WINDOWS, platformVersion: 10.0, rotatable: false, setWindowRect: true, strictFileInteractability: false, timeouts: {implicit: 0, pageLoad: 300000, script: 30000}, unhandledPromptBehavior: dismiss and notify}
Session ID: 21b311fb-b24c-4de7-a9c5-44160afd2a9a
at org.openqa.selenium.remote.http.W3CHttpResponseCodec.createException(W3CHttpResponseCodec.java:187)
at org.openqa.selenium.remote.http.W3CHttpResponseCodec.decode(W3CHttpResponseCodec.java:122)
at org.openqa.selenium.remote.http.W3CHttpResponseCodec.decode(W3CHttpResponseCodec.java:49)
at org.openqa.selenium.remote.HttpCommandExecutor.execute(HttpCommandExecutor.java:158)
at org.openqa.selenium.remote.service.DriverCommandExecutor.execute(DriverCommandExecutor.java:83)
at org.openqa.selenium.remote.RemoteWebDriver.execute(RemoteWebDriver.java:552)
at org.openqa.selenium.remote.RemoteWebDriver$RemoteWebDriverOptions$RemoteTimeouts.implicitlyWait(RemoteWebDriver.java:780)
at utils.BrowserFactory1.startApp(BrowserFactory1.java:71)
at pages.BaseClass.setup(BaseClass.java:37)
at java.base/java.util.ArrayList.forEach(ArrayList.java:1510)
... Removed 30 stack frames]]>
    </failure>
  </testcase> <!-- @BeforeClass setup -->
  <testcase classname="pages.BaseClass" name="@AfterClass tearDown" time="3.001">
    <failure type="java.lang.NullPointerException">
      <![CDATA[java.lang.NullPointerException
at utils.BrowserFactory1.quitBrowser(BrowserFactory1.java:78)
at pages.BaseClass.tearDown(BaseClass.java:48)
at java.base/java.util.ArrayList.forEach(ArrayList.java:1510)
... Removed 25 stack frames]]>
    </failure>
  </testcase> <!-- @AfterClass tearDown -->
  <testcase classname="pages.BaseClass" name="@AfterClass tearDown" time="3.061">
    <failure type="org.openqa.selenium.NoSuchSessionException" message="Tried to run command without establishing a connection
Build info: version: &amp;apos;3.141.59&amp;apos;, revision: &amp;apos;e82be7d358&amp;apos;, time: &amp;apos;2018-11-14T08:17:03&amp;apos;
System info: host: &amp;apos;DESKTOP-TK2O5BT&amp;apos;, ip: &amp;apos;192.168.0.12&amp;apos;, os.name: &amp;apos;Windows 10&amp;apos;, os.arch: &amp;apos;amd64&amp;apos;, os.version: &amp;apos;10.0&amp;apos;, java.version: &amp;apos;14&amp;apos;
Driver info: org.openqa.selenium.firefox.FirefoxDriver
Capabilities {acceptInsecureCerts: true, browserName: firefox, browserVersion: 73.0, javascriptEnabled: true, moz:accessibilityChecks: false, moz:buildID: 20200207195153, moz:geckodriverVersion: 0.26.0, moz:headless: false, moz:processID: 14296, moz:profile: C:\Users\Korisnik\AppData\L..., moz:shutdownTimeout: 60000, moz:useNonSpecCompliantPointerOrigin: false, moz:webdriverClick: true, pageLoadStrategy: normal, platform: WINDOWS, platformName: WINDOWS, platformVersion: 10.0, rotatable: false, setWindowRect: true, strictFileInteractability: false, timeouts: {implicit: 0, pageLoad: 300000, script: 30000}, unhandledPromptBehavior: dismiss and notify}
Session ID: 1b11e6a3-837f-47f4-b7dd-06aaf401208d">
      <![CDATA[org.openqa.selenium.NoSuchSessionException: Tried to run command without establishing a connection
Build info: version: '3.141.59', revision: 'e82be7d358', time: '2018-11-14T08:17:03'
System info: host: 'DESKTOP-TK2O5BT', ip: '192.168.0.12', os.name: 'Windows 10', os.arch: 'amd64', os.version: '10.0', java.version: '14'
Driver info: org.openqa.selenium.firefox.FirefoxDriver
Capabilities {acceptInsecureCerts: true, browserName: firefox, browserVersion: 73.0, javascriptEnabled: true, moz:accessibilityChecks: false, moz:buildID: 20200207195153, moz:geckodriverVersion: 0.26.0, moz:headless: false, moz:processID: 14296, moz:profile: C:\Users\Korisnik\AppData\L..., moz:shutdownTimeout: 60000, moz:useNonSpecCompliantPointerOrigin: false, moz:webdriverClick: true, pageLoadStrategy: normal, platform: WINDOWS, platformName: WINDOWS, platformVersion: 10.0, rotatable: false, setWindowRect: true, strictFileInteractability: false, timeouts: {implicit: 0, pageLoad: 300000, script: 30000}, unhandledPromptBehavior: dismiss and notify}
Session ID: 1b11e6a3-837f-47f4-b7dd-06aaf401208d
at org.openqa.selenium.remote.http.W3CHttpResponseCodec.createException(W3CHttpResponseCodec.java:187)
at org.openqa.selenium.remote.http.W3CHttpResponseCodec.decode(W3CHttpResponseCodec.java:122)
at org.openqa.selenium.remote.http.W3CHttpResponseCodec.decode(W3CHttpResponseCodec.java:49)
at org.openqa.selenium.remote.HttpCommandExecutor.execute(HttpCommandExecutor.java:158)
at org.openqa.selenium.remote.service.DriverCommandExecutor.execute(DriverCommandExecutor.java:83)
at org.openqa.selenium.remote.RemoteWebDriver.execute(RemoteWebDriver.java:552)
at org.openqa.selenium.remote.RemoteWebDriver.execute(RemoteWebDriver.java:609)
at org.openqa.selenium.remote.RemoteWebDriver.quit(RemoteWebDriver.java:452)
at utils.BrowserFactory1.quitBrowser(BrowserFactory1.java:78)
at pages.BaseClass.tearDown(BaseClass.java:48)
at java.base/java.util.ArrayList.forEach(ArrayList.java:1510)
... Removed 30 stack frames]]>
    </failure>
  </testcase> <!-- @AfterClass tearDown -->
  <testcase classname="pages.BaseClass" name="@BeforeClass setup" time="8.972">
    <failure type="org.openqa.selenium.WebDriverException" message="permission denied
Build info: version: &amp;apos;3.141.59&amp;apos;, revision: &amp;apos;e82be7d358&amp;apos;, time: &amp;apos;2018-11-14T08:17:03&amp;apos;
System info: host: &amp;apos;DESKTOP-TK2O5BT&amp;apos;, ip: &amp;apos;192.168.0.12&amp;apos;, os.name: &amp;apos;Windows 10&amp;apos;, os.arch: &amp;apos;amd64&amp;apos;, os.version: &amp;apos;10.0&amp;apos;, java.version: &amp;apos;14&amp;apos;
Driver info: driver.version: FirefoxDriver
remote stacktrace: ">
      <![CDATA[org.openqa.selenium.WebDriverException: permission denied
Build info: version: '3.141.59', revision: 'e82be7d358', time: '2018-11-14T08:17:03'
System info: host: 'DESKTOP-TK2O5BT', ip: '192.168.0.12', os.name: 'Windows 10', os.arch: 'amd64', os.version: '10.0', java.version: '14'
Driver info: driver.version: FirefoxDriver
remote stacktrace: 
at org.openqa.selenium.remote.W3CHandshakeResponse.lambda$errorHandler$0(W3CHandshakeResponse.java:62)
at org.openqa.selenium.remote.HandshakeResponse.lambda$getResponseFunction$0(HandshakeResponse.java:30)
at org.openqa.selenium.remote.ProtocolHandshake.lambda$createSession$0(ProtocolHandshake.java:126)
at java.base/java.util.stream.ReferencePipeline$3$1.accept(ReferencePipeline.java:195)
at java.base/java.util.Spliterators$ArraySpliterator.tryAdvance(Spliterators.java:958)
at java.base/java.util.stream.ReferencePipeline.forEachWithCancel(ReferencePipeline.java:127)
at java.base/java.util.stream.AbstractPipeline.copyIntoWithCancel(AbstractPipeline.java:502)
at java.base/java.util.stream.AbstractPipeline.copyInto(AbstractPipeline.java:488)
at java.base/java.util.stream.AbstractPipeline.wrapAndCopyInto(AbstractPipeline.java:474)
at java.base/java.util.stream.FindOps$FindOp.evaluateSequential(FindOps.java:150)
at java.base/java.util.stream.AbstractPipeline.evaluate(AbstractPipeline.java:234)
at java.base/java.util.stream.ReferencePipeline.findFirst(ReferencePipeline.java:543)
at org.openqa.selenium.remote.ProtocolHandshake.createSession(ProtocolHandshake.java:128)
at org.openqa.selenium.remote.ProtocolHandshake.createSession(ProtocolHandshake.java:74)
at org.openqa.selenium.remote.HttpCommandExecutor.execute(HttpCommandExecutor.java:136)
at org.openqa.selenium.remote.service.DriverCommandExecutor.execute(DriverCommandExecutor.java:83)
at org.openqa.selenium.remote.RemoteWebDriver.execute(RemoteWebDriver.java:552)
at org.openqa.selenium.remote.RemoteWebDriver.startSession(RemoteWebDriver.java:213)
at org.openqa.selenium.remote.RemoteWebDriver.<init>(RemoteWebDriver.java:131)
at org.openqa.selenium.firefox.FirefoxDriver.<init>(FirefoxDriver.java:147)
at utils.BrowserFactory1.startApp(BrowserFactory1.java:60)
at pages.BaseClass.setup(BaseClass.java:37)
at java.base/java.util.ArrayList.forEach(ArrayList.java:1510)
... Removed 30 stack frames]]>
    </failure>
  </testcase> <!-- @BeforeClass setup -->
  <testcase classname="pages.BaseClass" name="@AfterClass tearDown" time="3.001">
    <failure type="java.lang.NullPointerException">
      <![CDATA[java.lang.NullPointerException
at utils.BrowserFactory1.quitBrowser(BrowserFactory1.java:78)
at pages.BaseClass.tearDown(BaseClass.java:48)
at java.base/java.util.ArrayList.forEach(ArrayList.java:1510)
... Removed 25 stack frames]]>
    </failure>
  </testcase> <!-- @AfterClass tearDown -->
  <testcase classname="pages.BaseClass" name="@BeforeClass setup" time="8.988">
    <failure type="org.openqa.selenium.WebDriverException" message="permission denied
Build info: version: &amp;apos;3.141.59&amp;apos;, revision: &amp;apos;e82be7d358&amp;apos;, time: &amp;apos;2018-11-14T08:17:03&amp;apos;
System info: host: &amp;apos;DESKTOP-TK2O5BT&amp;apos;, ip: &amp;apos;192.168.0.12&amp;apos;, os.name: &amp;apos;Windows 10&amp;apos;, os.arch: &amp;apos;amd64&amp;apos;, os.version: &amp;apos;10.0&amp;apos;, java.version: &amp;apos;14&amp;apos;
Driver info: driver.version: FirefoxDriver
remote stacktrace: ">
      <![CDATA[org.openqa.selenium.WebDriverException: permission denied
Build info: version: '3.141.59', revision: 'e82be7d358', time: '2018-11-14T08:17:03'
System info: host: 'DESKTOP-TK2O5BT', ip: '192.168.0.12', os.name: 'Windows 10', os.arch: 'amd64', os.version: '10.0', java.version: '14'
Driver info: driver.version: FirefoxDriver
remote stacktrace: 
at org.openqa.selenium.remote.W3CHandshakeResponse.lambda$errorHandler$0(W3CHandshakeResponse.java:62)
at org.openqa.selenium.remote.HandshakeResponse.lambda$getResponseFunction$0(HandshakeResponse.java:30)
at org.openqa.selenium.remote.ProtocolHandshake.lambda$createSession$0(ProtocolHandshake.java:126)
at java.base/java.util.stream.ReferencePipeline$3$1.accept(ReferencePipeline.java:195)
at java.base/java.util.Spliterators$ArraySpliterator.tryAdvance(Spliterators.java:958)
at java.base/java.util.stream.ReferencePipeline.forEachWithCancel(ReferencePipeline.java:127)
at java.base/java.util.stream.AbstractPipeline.copyIntoWithCancel(AbstractPipeline.java:502)
at java.base/java.util.stream.AbstractPipeline.copyInto(AbstractPipeline.java:488)
at java.base/java.util.stream.AbstractPipeline.wrapAndCopyInto(AbstractPipeline.java:474)
at java.base/java.util.stream.FindOps$FindOp.evaluateSequential(FindOps.java:150)
at java.base/java.util.stream.AbstractPipeline.evaluate(AbstractPipeline.java:234)
at java.base/java.util.stream.ReferencePipeline.findFirst(ReferencePipeline.java:543)
at org.openqa.selenium.remote.ProtocolHandshake.createSession(ProtocolHandshake.java:128)
at org.openqa.selenium.remote.ProtocolHandshake.createSession(ProtocolHandshake.java:74)
at org.openqa.selenium.remote.HttpCommandExecutor.execute(HttpCommandExecutor.java:136)
at org.openqa.selenium.remote.service.DriverCommandExecutor.execute(DriverCommandExecutor.java:83)
at org.openqa.selenium.remote.RemoteWebDriver.execute(RemoteWebDriver.java:552)
at org.openqa.selenium.remote.RemoteWebDriver.startSession(RemoteWebDriver.java:213)
at org.openqa.selenium.remote.RemoteWebDriver.<init>(RemoteWebDriver.java:131)
at org.openqa.selenium.firefox.FirefoxDriver.<init>(FirefoxDriver.java:147)
at utils.BrowserFactory1.startApp(BrowserFactory1.java:60)
at pages.BaseClass.setup(BaseClass.java:37)
at java.base/java.util.ArrayList.forEach(ArrayList.java:1510)
... Removed 30 stack frames]]>
    </failure>
  </testcase> <!-- @BeforeClass setup -->
  <testcase classname="pages.BaseClass" name="@AfterClass tearDown" time="3.001">
    <failure type="java.lang.NullPointerException">
      <![CDATA[java.lang.NullPointerException
at utils.BrowserFactory1.quitBrowser(BrowserFactory1.java:78)
at pages.BaseClass.tearDown(BaseClass.java:48)
at java.base/java.util.ArrayList.forEach(ArrayList.java:1510)
... Removed 25 stack frames]]>
    </failure>
  </testcase> <!-- @AfterClass tearDown -->
  <testcase classname="test.LoginTests" name="tc01loginApp" time="16.64"/>
  <testcase classname="test.OtherProfileTests" name="tc05followLinkLogout" time="0.0">
    <skipped/>
  </testcase> <!-- tc05followLinkLogout -->
  <testcase classname="test.OtherProfileTests" name="tc06messageLogout" time="0.0">
    <skipped/>
  </testcase> <!-- tc06messageLogout -->
  <testcase classname="test.OtherProfileTests" name="tc07followButton" time="0.0">
    <skipped/>
  </testcase> <!-- tc07followButton -->
  <testcase classname="test.OtherProfileTests" name="tc08messageButton" time="0.0">
    <skipped/>
  </testcase> <!-- tc08messageButton -->
  <testcase classname="test.SinglePhotoTests" name="tc01downloadPhotoButton" time="1.375">
    <failure type="org.openqa.selenium.WebDriverException" message="Failed to decode response from marionette
Build info: version: &amp;apos;3.141.59&amp;apos;, revision: &amp;apos;e82be7d358&amp;apos;, time: &amp;apos;2018-11-14T08:17:03&amp;apos;
System info: host: &amp;apos;DESKTOP-TK2O5BT&amp;apos;, ip: &amp;apos;192.168.0.12&amp;apos;, os.name: &amp;apos;Windows 10&amp;apos;, os.arch: &amp;apos;amd64&amp;apos;, os.version: &amp;apos;10.0&amp;apos;, java.version: &amp;apos;14&amp;apos;
Driver info: org.openqa.selenium.firefox.FirefoxDriver
Capabilities {acceptInsecureCerts: true, browserName: firefox, browserVersion: 73.0, javascriptEnabled: true, moz:accessibilityChecks: false, moz:buildID: 20200207195153, moz:geckodriverVersion: 0.26.0, moz:headless: false, moz:processID: 14296, moz:profile: C:\Users\Korisnik\AppData\L..., moz:shutdownTimeout: 60000, moz:useNonSpecCompliantPointerOrigin: false, moz:webdriverClick: true, pageLoadStrategy: normal, platform: WINDOWS, platformName: WINDOWS, platformVersion: 10.0, rotatable: false, setWindowRect: true, strictFileInteractability: false, timeouts: {implicit: 0, pageLoad: 300000, script: 30000}, unhandledPromptBehavior: dismiss and notify}
Session ID: 1b11e6a3-837f-47f4-b7dd-06aaf401208d">
      <![CDATA[org.openqa.selenium.WebDriverException: Failed to decode response from marionette
Build info: version: '3.141.59', revision: 'e82be7d358', time: '2018-11-14T08:17:03'
System info: host: 'DESKTOP-TK2O5BT', ip: '192.168.0.12', os.name: 'Windows 10', os.arch: 'amd64', os.version: '10.0', java.version: '14'
Driver info: org.openqa.selenium.firefox.FirefoxDriver
Capabilities {acceptInsecureCerts: true, browserName: firefox, browserVersion: 73.0, javascriptEnabled: true, moz:accessibilityChecks: false, moz:buildID: 20200207195153, moz:geckodriverVersion: 0.26.0, moz:headless: false, moz:processID: 14296, moz:profile: C:\Users\Korisnik\AppData\L..., moz:shutdownTimeout: 60000, moz:useNonSpecCompliantPointerOrigin: false, moz:webdriverClick: true, pageLoadStrategy: normal, platform: WINDOWS, platformName: WINDOWS, platformVersion: 10.0, rotatable: false, setWindowRect: true, strictFileInteractability: false, timeouts: {implicit: 0, pageLoad: 300000, script: 30000}, unhandledPromptBehavior: dismiss and notify}
Session ID: 1b11e6a3-837f-47f4-b7dd-06aaf401208d
at org.openqa.selenium.remote.http.W3CHttpResponseCodec.createException(W3CHttpResponseCodec.java:187)
at org.openqa.selenium.remote.http.W3CHttpResponseCodec.decode(W3CHttpResponseCodec.java:122)
at org.openqa.selenium.remote.http.W3CHttpResponseCodec.decode(W3CHttpResponseCodec.java:49)
at org.openqa.selenium.remote.HttpCommandExecutor.execute(HttpCommandExecutor.java:158)
at org.openqa.selenium.remote.service.DriverCommandExecutor.execute(DriverCommandExecutor.java:83)
at org.openqa.selenium.remote.RemoteWebDriver.execute(RemoteWebDriver.java:552)
at org.openqa.selenium.remote.RemoteWebDriver.get(RemoteWebDriver.java:277)
at pages.LoginPage1.loginToUnsplash(LoginPage1.java:40)
at test.SinglePhotoTests.tc01downloadPhotoButton(SinglePhotoTests.java:40)
at java.base/java.util.ArrayList.forEach(ArrayList.java:1510)
... Removed 32 stack frames]]>
    </failure>
  </testcase> <!-- tc01downloadPhotoButton -->
  <testcase classname="test.SinglePhotoTests" name="tc02LikeButton" time="0.013">
    <failure type="org.openqa.selenium.NoSuchSessionException" message="Tried to run command without establishing a connection
Build info: version: &amp;apos;3.141.59&amp;apos;, revision: &amp;apos;e82be7d358&amp;apos;, time: &amp;apos;2018-11-14T08:17:03&amp;apos;
System info: host: &amp;apos;DESKTOP-TK2O5BT&amp;apos;, ip: &amp;apos;192.168.0.12&amp;apos;, os.name: &amp;apos;Windows 10&amp;apos;, os.arch: &amp;apos;amd64&amp;apos;, os.version: &amp;apos;10.0&amp;apos;, java.version: &amp;apos;14&amp;apos;
Driver info: org.openqa.selenium.firefox.FirefoxDriver
Capabilities {acceptInsecureCerts: true, browserName: firefox, browserVersion: 73.0, javascriptEnabled: true, moz:accessibilityChecks: false, moz:buildID: 20200207195153, moz:geckodriverVersion: 0.26.0, moz:headless: false, moz:processID: 14296, moz:profile: C:\Users\Korisnik\AppData\L..., moz:shutdownTimeout: 60000, moz:useNonSpecCompliantPointerOrigin: false, moz:webdriverClick: true, pageLoadStrategy: normal, platform: WINDOWS, platformName: WINDOWS, platformVersion: 10.0, rotatable: false, setWindowRect: true, strictFileInteractability: false, timeouts: {implicit: 0, pageLoad: 300000, script: 30000}, unhandledPromptBehavior: dismiss and notify}
Session ID: 1b11e6a3-837f-47f4-b7dd-06aaf401208d
*** Element info: {Using=xpath, value=/html/body/div[2]/div/div/div[4]/div/div/div[1]/div[1]/header/div[2]/div[1]/button}">
      <![CDATA[org.openqa.selenium.NoSuchSessionException: Tried to run command without establishing a connection
Build info: version: '3.141.59', revision: 'e82be7d358', time: '2018-11-14T08:17:03'
System info: host: 'DESKTOP-TK2O5BT', ip: '192.168.0.12', os.name: 'Windows 10', os.arch: 'amd64', os.version: '10.0', java.version: '14'
Driver info: org.openqa.selenium.firefox.FirefoxDriver
Capabilities {acceptInsecureCerts: true, browserName: firefox, browserVersion: 73.0, javascriptEnabled: true, moz:accessibilityChecks: false, moz:buildID: 20200207195153, moz:geckodriverVersion: 0.26.0, moz:headless: false, moz:processID: 14296, moz:profile: C:\Users\Korisnik\AppData\L..., moz:shutdownTimeout: 60000, moz:useNonSpecCompliantPointerOrigin: false, moz:webdriverClick: true, pageLoadStrategy: normal, platform: WINDOWS, platformName: WINDOWS, platformVersion: 10.0, rotatable: false, setWindowRect: true, strictFileInteractability: false, timeouts: {implicit: 0, pageLoad: 300000, script: 30000}, unhandledPromptBehavior: dismiss and notify}
Session ID: 1b11e6a3-837f-47f4-b7dd-06aaf401208d
*** Element info: {Using=xpath, value=/html/body/div[2]/div/div/div[4]/div/div/div[1]/div[1]/header/div[2]/div[1]/button}
at org.openqa.selenium.remote.http.W3CHttpResponseCodec.createException(W3CHttpResponseCodec.java:187)
at org.openqa.selenium.remote.http.W3CHttpResponseCodec.decode(W3CHttpResponseCodec.java:122)
at org.openqa.selenium.remote.http.W3CHttpResponseCodec.decode(W3CHttpResponseCodec.java:49)
at org.openqa.selenium.remote.HttpCommandExecutor.execute(HttpCommandExecutor.java:158)
at org.openqa.selenium.remote.service.DriverCommandExecutor.execute(DriverCommandExecutor.java:83)
at org.openqa.selenium.remote.RemoteWebDriver.execute(RemoteWebDriver.java:552)
at org.openqa.selenium.remote.RemoteWebDriver.findElement(RemoteWebDriver.java:323)
at org.openqa.selenium.remote.RemoteWebDriver.findElementByXPath(RemoteWebDriver.java:428)
at org.openqa.selenium.By$ByXPath.findElement(By.java:353)
at org.openqa.selenium.remote.RemoteWebDriver.findElement(RemoteWebDriver.java:315)
at org.openqa.selenium.support.pagefactory.DefaultElementLocator.findElement(DefaultElementLocator.java:69)
at org.openqa.selenium.support.pagefactory.internal.LocatingElementHandler.invoke(LocatingElementHandler.java:38)
at com.sun.proxy.$Proxy13.click(Unknown Source)
at pages.SinglePhotoPage.clickLike(SinglePhotoPage.java:72)
at test.SinglePhotoTests.tc02LikeButton(SinglePhotoTests.java:55)
at java.base/java.util.ArrayList.forEach(ArrayList.java:1510)
... Removed 32 stack frames]]>
    </failure>
  </testcase> <!-- tc02LikeButton -->
  <testcase classname="test.SinglePhotoTests" name="tc03addToCollectionButton" time="2.016">
    <failure type="org.openqa.selenium.NoSuchSessionException" message="Tried to run command without establishing a connection
Build info: version: &amp;apos;3.141.59&amp;apos;, revision: &amp;apos;e82be7d358&amp;apos;, time: &amp;apos;2018-11-14T08:17:03&amp;apos;
System info: host: &amp;apos;DESKTOP-TK2O5BT&amp;apos;, ip: &amp;apos;192.168.0.12&amp;apos;, os.name: &amp;apos;Windows 10&amp;apos;, os.arch: &amp;apos;amd64&amp;apos;, os.version: &amp;apos;10.0&amp;apos;, java.version: &amp;apos;14&amp;apos;
Driver info: org.openqa.selenium.firefox.FirefoxDriver
Capabilities {acceptInsecureCerts: true, browserName: firefox, browserVersion: 73.0, javascriptEnabled: true, moz:accessibilityChecks: false, moz:buildID: 20200207195153, moz:geckodriverVersion: 0.26.0, moz:headless: false, moz:processID: 14296, moz:profile: C:\Users\Korisnik\AppData\L..., moz:shutdownTimeout: 60000, moz:useNonSpecCompliantPointerOrigin: false, moz:webdriverClick: true, pageLoadStrategy: normal, platform: WINDOWS, platformName: WINDOWS, platformVersion: 10.0, rotatable: false, setWindowRect: true, strictFileInteractability: false, timeouts: {implicit: 0, pageLoad: 300000, script: 30000}, unhandledPromptBehavior: dismiss and notify}
Session ID: 1b11e6a3-837f-47f4-b7dd-06aaf401208d
*** Element info: {Using=xpath, value=/html/body/div[2]/div/div/div[4]/div/div/div[1]/div[1]/header/div[2]/div[1]/button}">
      <![CDATA[org.openqa.selenium.NoSuchSessionException: Tried to run command without establishing a connection
Build info: version: '3.141.59', revision: 'e82be7d358', time: '2018-11-14T08:17:03'
System info: host: 'DESKTOP-TK2O5BT', ip: '192.168.0.12', os.name: 'Windows 10', os.arch: 'amd64', os.version: '10.0', java.version: '14'
Driver info: org.openqa.selenium.firefox.FirefoxDriver
Capabilities {acceptInsecureCerts: true, browserName: firefox, browserVersion: 73.0, javascriptEnabled: true, moz:accessibilityChecks: false, moz:buildID: 20200207195153, moz:geckodriverVersion: 0.26.0, moz:headless: false, moz:processID: 14296, moz:profile: C:\Users\Korisnik\AppData\L..., moz:shutdownTimeout: 60000, moz:useNonSpecCompliantPointerOrigin: false, moz:webdriverClick: true, pageLoadStrategy: normal, platform: WINDOWS, platformName: WINDOWS, platformVersion: 10.0, rotatable: false, setWindowRect: true, strictFileInteractability: false, timeouts: {implicit: 0, pageLoad: 300000, script: 30000}, unhandledPromptBehavior: dismiss and notify}
Session ID: 1b11e6a3-837f-47f4-b7dd-06aaf401208d
*** Element info: {Using=xpath, value=/html/body/div[2]/div/div/div[4]/div/div/div[1]/div[1]/header/div[2]/div[1]/button}
at org.openqa.selenium.remote.http.W3CHttpResponseCodec.createException(W3CHttpResponseCodec.java:187)
at org.openqa.selenium.remote.http.W3CHttpResponseCodec.decode(W3CHttpResponseCodec.java:122)
at org.openqa.selenium.remote.http.W3CHttpResponseCodec.decode(W3CHttpResponseCodec.java:49)
at org.openqa.selenium.remote.HttpCommandExecutor.execute(HttpCommandExecutor.java:158)
at org.openqa.selenium.remote.service.DriverCommandExecutor.execute(DriverCommandExecutor.java:83)
at org.openqa.selenium.remote.RemoteWebDriver.execute(RemoteWebDriver.java:552)
at org.openqa.selenium.remote.RemoteWebDriver.findElement(RemoteWebDriver.java:323)
at org.openqa.selenium.remote.RemoteWebDriver.findElementByXPath(RemoteWebDriver.java:428)
at org.openqa.selenium.By$ByXPath.findElement(By.java:353)
at org.openqa.selenium.remote.RemoteWebDriver.findElement(RemoteWebDriver.java:315)
at org.openqa.selenium.support.pagefactory.DefaultElementLocator.findElement(DefaultElementLocator.java:69)
at org.openqa.selenium.support.pagefactory.internal.LocatingElementHandler.invoke(LocatingElementHandler.java:38)
at com.sun.proxy.$Proxy13.click(Unknown Source)
at pages.SinglePhotoPage.clickUnlike(SinglePhotoPage.java:76)
at test.SinglePhotoTests.tc03addToCollectionButton(SinglePhotoTests.java:68)
at java.base/java.util.ArrayList.forEach(ArrayList.java:1510)
... Removed 32 stack frames]]>
    </failure>
  </testcase> <!-- tc03addToCollectionButton -->
  <testcase classname="test.HomePageTests" name="tc02logoutJoinFreeLink" time="0.0">
    <skipped/>
  </testcase> <!-- tc02logoutJoinFreeLink -->
  <testcase classname="test.HomePageTests" name="tc06logoutSubmitAphotoButton" time="0.0">
    <skipped/>
  </testcase> <!-- tc06logoutSubmitAphotoButton -->
  <testcase classname="test.HomePageTests" name="tc08upFilter" time="0.0">
    <skipped/>
  </testcase> <!-- tc08upFilter -->
  <testcase classname="test.HomePageTests" name="tc10downFilter" time="0.0">
    <skipped/>
  </testcase> <!-- tc10downFilter -->
  <testcase classname="test.HomePageTests" name="tc15logoutLicenseLink" time="0.0">
    <skipped/>
  </testcase> <!-- tc15logoutLicenseLink -->
  <testcase classname="test.CreateNewCollectionTests" name="tc01createCollection" time="0.0">
    <skipped/>
  </testcase> <!-- tc01createCollection -->
  <testcase classname="test.CreateNewCollectionTests" name="tc06createCollectionName61" time="0.0">
    <ignored/>
  </testcase> <!-- tc06createCollectionName61 -->
  <testcase classname="test.MyProfileTests" name="tc03photos" time="0.0">
    <ignored/>
  </testcase> <!-- tc03photos -->
  <testcase classname="test.MyProfileTests" name="tc06statsAllTime" time="0.0">
    <ignored/>
  </testcase> <!-- tc06statsAllTime -->
  <testcase classname="test.CreateNewCollectionTests" name="tc02createCollectionPrivacySymbol" time="0.0">
    <ignored/>
  </testcase> <!-- tc02createCollectionPrivacySymbol -->
  <testcase classname="test.HomePageTests" name="tc05logoutDropDownMenu" time="0.0">
    <ignored/>
  </testcase> <!-- tc05logoutDropDownMenu -->
  <testcase classname="test.HomePageTests" name="tc12loginFollowingLink" time="0.0">
    <ignored/>
  </testcase> <!-- tc12loginFollowingLink -->
  <testcase classname="test.EditProfileTests" name="tc03connectAccountsLink" time="0.0">
    <ignored/>
  </testcase> <!-- tc03connectAccountsLink -->
  <testcase classname="test.LoginTests" name="tc02noCredential" time="0.0">
    <ignored/>
  </testcase> <!-- tc02noCredential -->
  <testcase classname="test.EditProfileTests" name="tc06changeProfileImage" time="0.0">
    <ignored/>
  </testcase> <!-- tc06changeProfileImage -->
  <testcase classname="test.EditProfileTests" name="tc10editLocation" time="0.0">
    <ignored/>
  </testcase> <!-- tc10editLocation -->
  <testcase classname="test.SinglePhotoTests" name="tc05infoButton" time="0.0">
    <ignored/>
  </testcase> <!-- tc05infoButton -->
  <testcase classname="test.OtherProfileTests" name="tc04collections" time="0.0">
    <ignored/>
  </testcase> <!-- tc04collections -->
  <testcase classname="test.MyProfileTests" name="tc04likes" time="0.0">
    <ignored/>
  </testcase> <!-- tc04likes -->
  <testcase classname="test.EditProfileTests" name="tc08editFirstNameBlank" time="0.0">
    <ignored/>
  </testcase> <!-- tc08editFirstNameBlank -->
  <testcase classname="test.HomePageTests" name="tc01logoutLoginLink" time="0.0">
    <ignored/>
  </testcase> <!-- tc01logoutLoginLink -->
  <testcase classname="test.HomePageTests" name="tc17loginSubmitAphotoButtonUploadUnder5mp" time="0.0">
    <ignored/>
  </testcase> <!-- tc17loginSubmitAphotoButtonUploadUnder5mp -->
  <testcase classname="test.EditProfileTests" name="tc05closeAccountLink" time="0.0">
    <ignored/>
  </testcase> <!-- tc05closeAccountLink -->
  <testcase classname="test.CreateNewCollectionTests" name="tc05createCollectionNoName" time="0.0">
    <ignored/>
  </testcase> <!-- tc05createCollectionNoName -->
  <testcase classname="test.LoginTests" name="tc04wrongEmail" time="0.0">
    <ignored/>
  </testcase> <!-- tc04wrongEmail -->
  <testcase classname="test.EditProfileTests" name="tc09editLastName" time="0.0">
    <ignored/>
  </testcase> <!-- tc09editLastName -->
  <testcase classname="test.EditProfileTests" name="tc01emailSettingsLink" time="0.0">
    <ignored/>
  </testcase> <!-- tc01emailSettingsLink -->
  <testcase classname="test.HomePageTests" name="tc07logoutEditorialLink" time="0.0">
    <ignored/>
  </testcase> <!-- tc07logoutEditorialLink -->
  <testcase classname="test.CreateNewCollectionTests" name="tc03createCollectionDescription" time="0.0">
    <ignored/>
  </testcase> <!-- tc03createCollectionDescription -->
  <testcase classname="test.LoginTests" name="tc06wrongPassword" time="0.0">
    <ignored/>
  </testcase> <!-- tc06wrongPassword -->
  <testcase classname="test.MyProfileTests" name="tc05collections" time="0.0">
    <ignored/>
  </testcase> <!-- tc05collections -->
  <testcase classname="test.EditProfileTests" name="tc02changePasswordLink" time="0.0">
    <ignored/>
  </testcase> <!-- tc02changePasswordLink -->
  <testcase classname="test.EditProfileTests" name="tc04applicationsLink" time="0.0">
    <ignored/>
  </testcase> <!-- tc04applicationsLink -->
  <testcase classname="test.HomePageTests" name="tc13loginProfileIcon" time="0.0">
    <ignored/>
  </testcase> <!-- tc13loginProfileIcon -->
  <testcase classname="test.OtherProfileTests" name="tc02photos" time="0.0">
    <ignored/>
  </testcase> <!-- tc02photos -->
  <testcase classname="test.EditProfileTests" name="tc11editBio" time="0.0">
    <ignored/>
  </testcase> <!-- tc11editBio -->
  <testcase classname="test.LoginTests" name="tc05noPassword" time="0.0">
    <ignored/>
  </testcase> <!-- tc05noPassword -->
  <testcase classname="test.OtherProfileTests" name="tc01userPhoto" time="0.0">
    <ignored/>
  </testcase> <!-- tc01userPhoto -->
  <testcase classname="test.EditProfileTests" name="tc07editFirstName" time="0.0">
    <ignored/>
  </testcase> <!-- tc07editFirstName -->
  <testcase classname="test.SinglePhotoTests" name="tc06photoTitleAndFollowLink" time="0.0">
    <ignored/>
  </testcase> <!-- tc06photoTitleAndFollowLink -->
  <testcase classname="test.CreateNewCollectionTests" name="tc04createCollectionNoPrivacySymbol" time="0.0">
    <ignored/>
  </testcase> <!-- tc04createCollectionNoPrivacySymbol -->
  <testcase classname="test.MyProfileTests" name="tc01profilePhoto" time="0.0">
    <ignored/>
  </testcase> <!-- tc01profilePhoto -->
  <testcase classname="test.HomePageTests" name="tc03logoutTopicsLink" time="0.0">
    <ignored/>
  </testcase> <!-- tc03logoutTopicsLink -->
  <testcase classname="test.OtherProfileTests" name="tc03likes" time="0.0">
    <ignored/>
  </testcase> <!-- tc03likes -->
  <testcase classname="test.HomePageTests" name="tc04logoutExploreLink" time="0.0">
    <ignored/>
  </testcase> <!-- tc04logoutExploreLink -->
  <testcase classname="test.SinglePhotoTests" name="tc04shareButton" time="0.0">
    <ignored/>
  </testcase> <!-- tc04shareButton -->
  <testcase classname="test.CreateNewCollectionTests" name="tc08CancelButton" time="0.0">
    <ignored/>
  </testcase> <!-- tc08CancelButton -->
  <testcase classname="test.LoginTests" name="tc08joinLink" time="0.0">
    <ignored/>
  </testcase> <!-- tc08joinLink -->
  <testcase classname="test.LoginTests" name="tc07forgotPasswordLink" time="0.0">
    <ignored/>
  </testcase> <!-- tc07forgotPasswordLink -->
  <testcase classname="test.HomePageTests" name="tc11downFilterNoKeys" time="0.0">
    <ignored/>
  </testcase> <!-- tc11downFilterNoKeys -->
  <testcase classname="test.MyProfileTests" name="tc02editProfileButton" time="0.0">
    <ignored/>
  </testcase> <!-- tc02editProfileButton -->
  <testcase classname="test.LoginTests" name="tc03noEmail" time="0.0">
    <ignored/>
  </testcase> <!-- tc03noEmail -->
  <testcase classname="test.MyProfileTests" name="tc07stats30Days" time="0.0">
    <ignored/>
  </testcase> <!-- tc07stats30Days -->
  <testcase classname="test.HomePageTests" name="tc16loginSubmitAphotoButtonUpload" time="0.0">
    <ignored/>
  </testcase> <!-- tc16loginSubmitAphotoButtonUpload -->
  <testcase classname="test.HomePageTests" name="tc09upFilterNoKeys" time="0.0">
    <ignored/>
  </testcase> <!-- tc09upFilterNoKeys -->
  <testcase classname="test.HomePageTests" name="tc14loginNotifications" time="0.0">
    <ignored/>
  </testcase> <!-- tc14loginNotifications -->
  <testcase classname="test.CreateNewCollectionTests" name="tc07createCollectionDescription251" time="0.0">
    <ignored/>
  </testcase> <!-- tc07createCollectionDescription251 -->
</testsuite> <!-- Test -->
